<?xml version="1.0" encoding="UTF-8"?>
<coverage generated="1658206234827" clover="3.2.0">
  <project timestamp="1658206234827" name="All files">
    <metrics statements="26" coveredstatements="26" conditionals="24" coveredconditionals="24" methods="4" coveredmethods="4" elements="54" coveredelements="54" complexity="0" loc="26" ncloc="26" packages="1" files="1" classes="1"/>
    <file name="MathBasic.js" path="C:\Users\User\Desktop\project\Latihan\BackEnd Dicoding\src\MathBasic.js">
      <metrics statements="26" coveredstatements="26" conditionals="24" coveredconditionals="24" methods="4" coveredmethods="4"/>
      <line num="1" count="1" type="stmt"/>
      <line num="3" count="10" type="cond" truecount="2" falsecount="0"/>
      <line num="4" count="4" type="stmt"/>
      <line num="9" count="6" type="stmt"/>
      <line num="11" count="6" type="cond" truecount="4" falsecount="0"/>
      <line num="12" count="3" type="stmt"/>
      <line num="15" count="3" type="stmt"/>
      <line num="18" count="10" type="cond" truecount="2" falsecount="0"/>
      <line num="19" count="4" type="stmt"/>
      <line num="24" count="6" type="stmt"/>
      <line num="26" count="6" type="cond" truecount="4" falsecount="0"/>
      <line num="27" count="3" type="stmt"/>
      <line num="30" count="3" type="stmt"/>
      <line num="33" count="10" type="cond" truecount="2" falsecount="0"/>
      <line num="34" count="4" type="stmt"/>
      <line num="39" count="6" type="stmt"/>
      <line num="41" count="6" type="cond" truecount="4" falsecount="0"/>
      <line num="42" count="3" type="stmt"/>
      <line num="45" count="3" type="stmt"/>
      <line num="48" count="10" type="cond" truecount="2" falsecount="0"/>
      <line num="49" count="4" type="stmt"/>
      <line num="54" count="6" type="stmt"/>
      <line num="56" count="6" type="cond" truecount="4" falsecount="0"/>
      <line num="57" count="3" type="stmt"/>
      <line num="60" count="3" type="stmt"/>
      <line num="63" count="1" type="stmt"/>
    </file>
  </project>
</coverage>
