{"C:\\Users\\User\\Desktop\\project\\Latihan\\BackEnd Dicoding\\src\\MathBasic.js": {"path":"C:\\Users\\User\\Desktop\\project\\Latihan\\BackEnd Dicoding\\src\\MathBasic.js","statementMap":{"0":{"start":{"line":1,"column":18},"end":{"line":62,"column":1}},"1":{"start":{"line":3,"column":2},"end":{"line":5,"column":5}},"2":{"start":{"line":4,"column":6},"end":{"line":4,"column":65}},"3":{"start":{"line":9,"column":19},"end":{"line":9,"column":23}},"4":{"start":{"line":11,"column":4},"end":{"line":13,"column":5}},"5":{"start":{"line":12,"column":6},"end":{"line":12,"column":64}},"6":{"start":{"line":15,"column":4},"end":{"line":15,"column":17}},"7":{"start":{"line":18,"column":3},"end":{"line":20,"column":7}},"8":{"start":{"line":19,"column":8},"end":{"line":19,"column":72}},"9":{"start":{"line":24,"column":21},"end":{"line":24,"column":25}},"10":{"start":{"line":26,"column":6},"end":{"line":28,"column":7}},"11":{"start":{"line":27,"column":8},"end":{"line":27,"column":66}},"12":{"start":{"line":30,"column":6},"end":{"line":30,"column":19}},"13":{"start":{"line":33,"column":4},"end":{"line":35,"column":7}},"14":{"start":{"line":34,"column":8},"end":{"line":34,"column":72}},"15":{"start":{"line":39,"column":21},"end":{"line":39,"column":25}},"16":{"start":{"line":41,"column":6},"end":{"line":43,"column":7}},"17":{"start":{"line":42,"column":8},"end":{"line":42,"column":66}},"18":{"start":{"line":45,"column":6},"end":{"line":45,"column":19}},"19":{"start":{"line":48,"column":4},"end":{"line":50,"column":7}},"20":{"start":{"line":49,"column":8},"end":{"line":49,"column":70}},"21":{"start":{"line":54,"column":21},"end":{"line":54,"column":25}},"22":{"start":{"line":56,"column":6},"end":{"line":58,"column":7}},"23":{"start":{"line":57,"column":8},"end":{"line":57,"column":66}},"24":{"start":{"line":60,"column":6},"end":{"line":60,"column":19}},"25":{"start":{"line":63,"column":1},"end":{"line":63,"column":28}}},"fnMap":{"0":{"name":"(anonymous_0)","decl":{"start":{"line":2,"column":7},"end":{"line":2,"column":8}},"loc":{"start":{"line":2,"column":20},"end":{"line":16,"column":3}},"line":2},"1":{"name":"(anonymous_1)","decl":{"start":{"line":17,"column":12},"end":{"line":17,"column":13}},"loc":{"start":{"line":17,"column":25},"end":{"line":31,"column":3}},"line":17},"2":{"name":"(anonymous_2)","decl":{"start":{"line":32,"column":12},"end":{"line":32,"column":13}},"loc":{"start":{"line":32,"column":25},"end":{"line":46,"column":3}},"line":32},"3":{"name":"(anonymous_3)","decl":{"start":{"line":47,"column":10},"end":{"line":47,"column":11}},"loc":{"start":{"line":47,"column":23},"end":{"line":61,"column":3}},"line":47}},"branchMap":{"0":{"loc":{"start":{"line":3,"column":2},"end":{"line":5,"column":5}},"type":"if","locations":[{"start":{"line":3,"column":2},"end":{"line":5,"column":5}},{"start":{},"end":{}}],"line":3},"1":{"loc":{"start":{"line":11,"column":4},"end":{"line":13,"column":5}},"type":"if","locations":[{"start":{"line":11,"column":4},"end":{"line":13,"column":5}},{"start":{},"end":{}}],"line":11},"2":{"loc":{"start":{"line":11,"column":8},"end":{"line":11,"column":54}},"type":"binary-expr","locations":[{"start":{"line":11,"column":8},"end":{"line":11,"column":29}},{"start":{"line":11,"column":33},"end":{"line":11,"column":54}}],"line":11},"3":{"loc":{"start":{"line":18,"column":3},"end":{"line":20,"column":7}},"type":"if","locations":[{"start":{"line":18,"column":3},"end":{"line":20,"column":7}},{"start":{},"end":{}}],"line":18},"4":{"loc":{"start":{"line":26,"column":6},"end":{"line":28,"column":7}},"type":"if","locations":[{"start":{"line":26,"column":6},"end":{"line":28,"column":7}},{"start":{},"end":{}}],"line":26},"5":{"loc":{"start":{"line":26,"column":10},"end":{"line":26,"column":56}},"type":"binary-expr","locations":[{"start":{"line":26,"column":10},"end":{"line":26,"column":31}},{"start":{"line":26,"column":35},"end":{"line":26,"column":56}}],"line":26},"6":{"loc":{"start":{"line":33,"column":4},"end":{"line":35,"column":7}},"type":"if","locations":[{"start":{"line":33,"column":4},"end":{"line":35,"column":7}},{"start":{},"end":{}}],"line":33},"7":{"loc":{"start":{"line":41,"column":6},"end":{"line":43,"column":7}},"type":"if","locations":[{"start":{"line":41,"column":6},"end":{"line":43,"column":7}},{"start":{},"end":{}}],"line":41},"8":{"loc":{"start":{"line":41,"column":10},"end":{"line":41,"column":56}},"type":"binary-expr","locations":[{"start":{"line":41,"column":10},"end":{"line":41,"column":31}},{"start":{"line":41,"column":35},"end":{"line":41,"column":56}}],"line":41},"9":{"loc":{"start":{"line":48,"column":4},"end":{"line":50,"column":7}},"type":"if","locations":[{"start":{"line":48,"column":4},"end":{"line":50,"column":7}},{"start":{},"end":{}}],"line":48},"10":{"loc":{"start":{"line":56,"column":6},"end":{"line":58,"column":7}},"type":"if","locations":[{"start":{"line":56,"column":6},"end":{"line":58,"column":7}},{"start":{},"end":{}}],"line":56},"11":{"loc":{"start":{"line":56,"column":10},"end":{"line":56,"column":56}},"type":"binary-expr","locations":[{"start":{"line":56,"column":10},"end":{"line":56,"column":31}},{"start":{"line":56,"column":35},"end":{"line":56,"column":56}}],"line":56}},"s":{"0":1,"1":10,"2":4,"3":6,"4":6,"5":3,"6":3,"7":10,"8":4,"9":6,"10":6,"11":3,"12":3,"13":10,"14":4,"15":6,"16":6,"17":3,"18":3,"19":10,"20":4,"21":6,"22":6,"23":3,"24":3,"25":1},"f":{"0":10,"1":10,"2":10,"3":10},"b":{"0":[4,6],"1":[3,3],"2":[6,3],"3":[4,6],"4":[3,3],"5":[6,3],"6":[4,6],"7":[3,3],"8":[6,3],"9":[4,6],"10":[3,3],"11":[6,3]},"_coverageSchema":"1a1c01bbd47fc00a2c39e90264f33305004495a9","hash":"7f33386de1baba44d14b91ef484fb883c2f5801e"}
}
